{"/Users/aalshafi/Documents/pet p/vue/masterproject/src/components/JobSearch/Headline.vue": {"path":"/Users/aalshafi/Documents/pet p/vue/masterproject/src/components/JobSearch/Headline.vue","statementMap":{"0":{"start":{"line":16,"column":0},"end":{"line":16,"column":null}},"1":{"start":{"line":17,"column":15},"end":{"line":17,"column":null}},"2":{"start":{"line":20,"column":4},"end":{"line":20,"column":11}},"3":{"start":{"line":27,"column":6},"end":{"line":27,"column":13}},"4":{"start":{"line":33,"column":4},"end":{"line":33,"column":9}},"5":{"start":{"line":36,"column":4},"end":{"line":36,"column":17}},"6":{"start":{"line":40,"column":6},"end":{"line":40,"column":11}},"7":{"start":{"line":41,"column":24},"end":{"line":41,"column":25}},"8":{"start":{"line":42,"column":8},"end":{"line":42,"column":13}}},"fnMap":{"0":{"name":"(anonymous_0)","decl":{"start":{"line":19,"column":2},"end":{"line":19,"column":6}},"loc":{"start":{"line":19,"column":9},"end":{"line":24,"column":null}}},"1":{"name":"(anonymous_1)","decl":{"start":{"line":26,"column":4},"end":{"line":26,"column":17}},"loc":{"start":{"line":26,"column":20},"end":{"line":30,"column":null}}},"2":{"name":"(anonymous_2)","decl":{"start":{"line":32,"column":2},"end":{"line":32,"column":9}},"loc":{"start":{"line":32,"column":12},"end":{"line":34,"column":null}}},"3":{"name":"(anonymous_3)","decl":{"start":{"line":35,"column":2},"end":{"line":35,"column":15}},"loc":{"start":{"line":35,"column":18},"end":{"line":37,"column":null}}},"4":{"name":"(anonymous_4)","decl":{"start":{"line":39,"column":4},"end":{"line":39,"column":15}},"loc":{"start":{"line":39,"column":18},"end":{"line":44,"column":null}}},"5":{"name":"(anonymous_5)","decl":{"start":{"line":40,"column":34},"end":{"line":40,"column":40}},"loc":{"start":{"line":40,"column":40},"end":{"line":43,"column":9}}}},"branchMap":{},"s":{"0":1,"1":1,"2":4,"3":7,"4":4,"5":1,"6":4,"7":3,"8":3},"f":{"0":4,"1":7,"2":4,"3":1,"4":4,"5":3},"b":{}}
,"/Users/aalshafi/Documents/pet p/vue/masterproject/src/components/Navigation/MainNav.vue": {"path":"/Users/aalshafi/Documents/pet p/vue/masterproject/src/components/Navigation/MainNav.vue","statementMap":{"0":{"start":{"line":42,"column":0},"end":{"line":42,"column":null}},"1":{"start":{"line":43,"column":0},"end":{"line":43,"column":null}},"2":{"start":{"line":44,"column":0},"end":{"line":44,"column":null}},"3":{"start":{"line":45,"column":15},"end":{"line":45,"column":null}},"4":{"start":{"line":53,"column":4},"end":{"line":53,"column":11}},"5":{"start":{"line":69,"column":6},"end":{"line":69,"column":13}},"6":{"start":{"line":77,"column":6},"end":{"line":77,"column":11}}},"fnMap":{"0":{"name":"(anonymous_0)","decl":{"start":{"line":52,"column":2},"end":{"line":52,"column":6}},"loc":{"start":{"line":52,"column":9},"end":{"line":66,"column":null}}},"1":{"name":"(anonymous_1)","decl":{"start":{"line":68,"column":4},"end":{"line":68,"column":21}},"loc":{"start":{"line":68,"column":24},"end":{"line":73,"column":null}}},"2":{"name":"(anonymous_2)","decl":{"start":{"line":76,"column":4},"end":{"line":76,"column":13}},"loc":{"start":{"line":76,"column":16},"end":{"line":78,"column":null}}}},"branchMap":{},"s":{"0":1,"1":1,"2":1,"3":1,"4":5,"5":7,"6":2},"f":{"0":5,"1":7,"2":2},"b":{}}
,"/Users/aalshafi/Documents/pet p/vue/masterproject/src/components/Navigation/ProfileAvatar.vue": {"path":"/Users/aalshafi/Documents/pet p/vue/masterproject/src/components/Navigation/ProfileAvatar.vue","statementMap":{"0":{"start":{"line":6,"column":15},"end":{"line":6,"column":null}},"1":{"start":{"line":9,"column":4},"end":{"line":9,"column":11}}},"fnMap":{"0":{"name":"(anonymous_0)","decl":{"start":{"line":8,"column":2},"end":{"line":8,"column":6}},"loc":{"start":{"line":8,"column":9},"end":{"line":13,"column":null}}}},"branchMap":{},"s":{"0":2,"1":1},"f":{"0":1},"b":{}}
,"/Users/aalshafi/Documents/pet p/vue/masterproject/src/components/Navigation/SubNav.vue": {"path":"/Users/aalshafi/Documents/pet p/vue/masterproject/src/components/Navigation/SubNav.vue","statementMap":{"0":{"start":{"line":13,"column":15},"end":{"line":13,"column":null}},"1":{"start":{"line":16,"column":4},"end":{"line":16,"column":11}}},"fnMap":{"0":{"name":"(anonymous_0)","decl":{"start":{"line":15,"column":2},"end":{"line":15,"column":6}},"loc":{"start":{"line":15,"column":9},"end":{"line":19,"column":null}}}},"branchMap":{},"s":{"0":2,"1":2},"f":{"0":2},"b":{}}
,"/Users/aalshafi/Documents/pet p/vue/masterproject/src/components/Shared/ActionButton.vue": {"path":"/Users/aalshafi/Documents/pet p/vue/masterproject/src/components/Shared/ActionButton.vue","statementMap":{"0":{"start":{"line":8,"column":15},"end":{"line":8,"column":null}},"1":{"start":{"line":20,"column":8},"end":{"line":20,"column":15}},"2":{"start":{"line":26,"column":6},"end":{"line":26,"column":13}}},"fnMap":{"0":{"name":"(anonymous_0)","decl":{"start":{"line":19,"column":6},"end":{"line":19,"column":15}},"loc":{"start":{"line":19,"column":23},"end":{"line":21,"column":null}}},"1":{"name":"(anonymous_1)","decl":{"start":{"line":25,"column":4},"end":{"line":25,"column":15}},"loc":{"start":{"line":25,"column":18},"end":{"line":29,"column":null}}}},"branchMap":{},"s":{"0":2,"1":7,"2":2},"f":{"0":7,"1":2},"b":{}}
,"/Users/aalshafi/Documents/pet p/vue/masterproject/src/utils/nextElementInList.js": {"path":"/Users/aalshafi/Documents/pet p/vue/masterproject/src/utils/nextElementInList.js","statementMap":{"0":{"start":{"line":1,"column":26},"end":{"line":6,"column":1}},"1":{"start":{"line":2,"column":29},"end":{"line":2,"column":48}},"2":{"start":{"line":3,"column":25},"end":{"line":3,"column":63}},"3":{"start":{"line":4,"column":20},"end":{"line":4,"column":40}},"4":{"start":{"line":5,"column":2},"end":{"line":5,"column":19}}},"fnMap":{"0":{"name":"(anonymous_0)","decl":{"start":{"line":1,"column":26},"end":{"line":1,"column":27}},"loc":{"start":{"line":1,"column":43},"end":{"line":6,"column":1}},"line":1}},"branchMap":{},"s":{"0":2,"1":5,"2":5,"3":5,"4":5},"f":{"0":5},"b":{},"_coverageSchema":"43e27e138ebf9cfc5966b082cf9a028302ed4184","hash":"8b82cd903ba98e3884e701c522486d064826db8b"}
}
