TN:
SF:/Users/aalshafi/Documents/pet p/vue/masterproject/src/components/JobSearch/Headline.vue
FN:19,(anonymous_0)
FN:26,(anonymous_1)
FN:32,(anonymous_2)
FN:35,(anonymous_3)
FN:39,(anonymous_4)
FN:40,(anonymous_5)
FNF:6
FNH:6
FNDA:4,(anonymous_0)
FNDA:7,(anonymous_1)
FNDA:4,(anonymous_2)
FNDA:1,(anonymous_3)
FNDA:4,(anonymous_4)
FNDA:3,(anonymous_5)
DA:16,1
DA:17,1
DA:20,4
DA:27,7
DA:33,4
DA:36,1
DA:40,4
DA:41,3
DA:42,3
LF:9
LH:9
BRF:0
BRH:0
end_of_record
TN:
SF:/Users/aalshafi/Documents/pet p/vue/masterproject/src/components/Navigation/MainNav.vue
FN:52,(anonymous_0)
FN:68,(anonymous_1)
FN:76,(anonymous_2)
FNF:3
FNH:3
FNDA:5,(anonymous_0)
FNDA:7,(anonymous_1)
FNDA:2,(anonymous_2)
DA:42,1
DA:43,1
DA:44,1
DA:45,1
DA:53,5
DA:69,7
DA:77,2
LF:7
LH:7
BRF:0
BRH:0
end_of_record
TN:
SF:/Users/aalshafi/Documents/pet p/vue/masterproject/src/components/Navigation/ProfileAvatar.vue
FN:8,(anonymous_0)
FNF:1
FNH:1
FNDA:1,(anonymous_0)
DA:6,2
DA:9,1
LF:2
LH:2
BRF:0
BRH:0
end_of_record
TN:
SF:/Users/aalshafi/Documents/pet p/vue/masterproject/src/components/Navigation/SubNav.vue
FN:15,(anonymous_0)
FNF:1
FNH:1
FNDA:2,(anonymous_0)
DA:13,2
DA:16,2
LF:2
LH:2
BRF:0
BRH:0
end_of_record
TN:
SF:/Users/aalshafi/Documents/pet p/vue/masterproject/src/components/Shared/ActionButton.vue
FN:19,(anonymous_0)
FN:25,(anonymous_1)
FNF:2
FNH:2
FNDA:7,(anonymous_0)
FNDA:2,(anonymous_1)
DA:8,2
DA:20,7
DA:26,2
LF:3
LH:3
BRF:0
BRH:0
end_of_record
TN:
SF:/Users/aalshafi/Documents/pet p/vue/masterproject/src/utils/nextElementInList.js
FN:1,(anonymous_0)
FNF:1
FNH:1
FNDA:5,(anonymous_0)
DA:1,2
DA:2,5
DA:3,5
DA:4,5
DA:5,5
LF:5
LH:5
BRF:0
BRH:0
end_of_record
